<?xml version="1.0" encoding="UTF-8"?>
<testsuite xmlns:xsi="http://www.w3.org/2001/XMLSchema-instance" xsi:noNamespaceSchemaLocation="https://maven.apache.org/surefire/maven-surefire-plugin/xsd/surefire-test-report.xsd" name="com.tecton.ingestclient.client.TectonApiResponseTest" time="0.008" tests="9" errors="0" skipped="0" failures="0">
  <properties>
[...]
</properties>
  <testcase name="testIngestMetricsGetFeatureViewIngestMetrics" classname="com.tecton.ingestclient.client.TectonApiResponseTest" time="0"/>
  <testcase name="testFeatureViewMetricGetOfflineRecordIngestCount" classname="com.tecton.ingestclient.client.TectonApiResponseTest" time="0.001"/>
  <testcase name="testSetIngestMetrics" classname="com.tecton.ingestclient.client.TectonApiResponseTest" time="0"/>
  <testcase name="testGetWorkspaceName" classname="com.tecton.ingestclient.client.TectonApiResponseTest" time="0"/>
  <testcase name="testToStringContainsWorkspaceName" classname="com.tecton.ingestclient.client.TectonApiResponseTest" time="0.004"/>
  <testcase name="testGetIngestMetrics" classname="com.tecton.ingestclient.client.TectonApiResponseTest" time="0.001"/>
  <testcase name="testFeatureViewMetricGetFeatureViewName" classname="com.tecton.ingestclient.client.TectonApiResponseTest" time="0"/>
  <testcase name="testFeatureViewMetricGetOnlineRecordIngestCount" classname="com.tecton.ingestclient.client.TectonApiResponseTest" time="0"/>
  <testcase name="testSetWorkspaceName" classname="com.tecton.ingestclient.client.TectonApiResponseTest" time="0"/>
</testsuite>